[INFO] Scanning for projects...
[INFO] 
[INFO] -----------------< com.arremateai:arremateai-gateway >------------------
[INFO] Building arremateai-gateway 0.0.1-SNAPSHOT
[INFO]   from pom.xml
[INFO] --------------------------------[ jar ]---------------------------------
[INFO] 
[INFO] >>> spring-boot:3.2.2:run (default-cli) > test-compile @ arremateai-gateway >>>
[INFO] 
[INFO] --- resources:3.3.1:resources (default-resources) @ arremateai-gateway ---
[INFO] Copying 1 resource from src\main\resources to target\classes
[INFO] Copying 0 resource from src\main\resources to target\classes
[INFO] 
[INFO] --- compiler:3.11.0:compile (default-compile) @ arremateai-gateway ---
[INFO] Nothing to compile - all classes are up to date
[INFO] 
[INFO] --- resources:3.3.1:testResources (default-testResources) @ arremateai-gateway ---
[INFO] skip non existing resourceDirectory C:\Projetos\arremateai-gateway\src\test\resources
[INFO] 
[INFO] --- compiler:3.11.0:testCompile (default-testCompile) @ arremateai-gateway ---
[INFO] No sources to compile
[INFO] 
[INFO] <<< spring-boot:3.2.2:run (default-cli) < test-compile @ arremateai-gateway <<<
[INFO] 
[INFO] 
[INFO] --- spring-boot:3.2.2:run (default-cli) @ arremateai-gateway ---
[INFO] Attaching agents: []

  .   ____          _            __ _ _
 /\\ / ___'_ __ _ _(_)_ __  __ _ \ \ \ \
( ( )\___ | '_ | '_| | '_ \/ _` | \ \ \ \
 \\/  ___)| |_)| | | | | || (_| |  ) ) ) )
  '  |____| .__|_| |_|_| |_\__, | / / / /
 =========|_|==============|___/=/_/_/_/
 :: Spring Boot ::                (v3.2.2)

2026-03-17T10:21:21.381-03:00  INFO 27644 --- [arremateai-gateway] [           main] c.arremateai.gateway.GatewayApplication  : Starting GatewayApplication using Java 17.0.18 with PID 27644 (C:\Projetos\arremateai-gateway\target\classes started by gabri in C:\Projetos\arremateai-gateway)
2026-03-17T10:21:21.381-03:00 DEBUG 27644 --- [arremateai-gateway] [           main] c.arremateai.gateway.GatewayApplication  : Running with Spring Boot v3.2.2, Spring v6.1.3
2026-03-17T10:21:21.381-03:00  INFO 27644 --- [arremateai-gateway] [           main] c.arremateai.gateway.GatewayApplication  : No active profile set, falling back to 1 default profile: "default"
2026-03-17T10:21:22.389-03:00  INFO 27644 --- [arremateai-gateway] [           main] o.s.cloud.context.scope.GenericScope     : BeanFactory id=b6515b0a-6d21-3447-bb94-72ebb7054445
2026-03-17T10:21:23.309-03:00  INFO 27644 --- [arremateai-gateway] [           main] o.s.c.g.r.RouteDefinitionRouteLocator    : Loaded RoutePredicateFactory [After]
2026-03-17T10:21:23.309-03:00  INFO 27644 --- [arremateai-gateway] [           main] o.s.c.g.r.RouteDefinitionRouteLocator    : Loaded RoutePredicateFactory [Before]
2026-03-17T10:21:23.309-03:00  INFO 27644 --- [arremateai-gateway] [           main] o.s.c.g.r.RouteDefinitionRouteLocator    : Loaded RoutePredicateFactory [Between]
2026-03-17T10:21:23.309-03:00  INFO 27644 --- [arremateai-gateway] [           main] o.s.c.g.r.RouteDefinitionRouteLocator    : Loaded RoutePredicateFactory [Cookie]
2026-03-17T10:21:23.309-03:00  INFO 27644 --- [arremateai-gateway] [           main] o.s.c.g.r.RouteDefinitionRouteLocator    : Loaded RoutePredicateFactory [Header]
2026-03-17T10:21:23.309-03:00  INFO 27644 --- [arremateai-gateway] [           main] o.s.c.g.r.RouteDefinitionRouteLocator    : Loaded RoutePredicateFactory [Host]
2026-03-17T10:21:23.309-03:00  INFO 27644 --- [arremateai-gateway] [           main] o.s.c.g.r.RouteDefinitionRouteLocator    : Loaded RoutePredicateFactory [Method]
2026-03-17T10:21:23.309-03:00  INFO 27644 --- [arremateai-gateway] [           main] o.s.c.g.r.RouteDefinitionRouteLocator    : Loaded RoutePredicateFactory [Path]
2026-03-17T10:21:23.309-03:00  INFO 27644 --- [arremateai-gateway] [           main] o.s.c.g.r.RouteDefinitionRouteLocator    : Loaded RoutePredicateFactory [Query]
2026-03-17T10:21:23.309-03:00  INFO 27644 --- [arremateai-gateway] [           main] o.s.c.g.r.RouteDefinitionRouteLocator    : Loaded RoutePredicateFactory [ReadBody]
2026-03-17T10:21:23.309-03:00  INFO 27644 --- [arremateai-gateway] [           main] o.s.c.g.r.RouteDefinitionRouteLocator    : Loaded RoutePredicateFactory [RemoteAddr]
2026-03-17T10:21:23.309-03:00  INFO 27644 --- [arremateai-gateway] [           main] o.s.c.g.r.RouteDefinitionRouteLocator    : Loaded RoutePredicateFactory [XForwardedRemoteAddr]
2026-03-17T10:21:23.309-03:00  INFO 27644 --- [arremateai-gateway] [           main] o.s.c.g.r.RouteDefinitionRouteLocator    : Loaded RoutePredicateFactory [Weight]
2026-03-17T10:21:23.309-03:00  INFO 27644 --- [arremateai-gateway] [           main] o.s.c.g.r.RouteDefinitionRouteLocator    : Loaded RoutePredicateFactory [CloudFoundryRouteService]
2026-03-17T10:21:23.547-03:00  INFO 27644 --- [arremateai-gateway] [           main] o.s.b.a.e.web.EndpointLinksResolver      : Exposing 3 endpoint(s) beneath base path '/actuator'
2026-03-17T10:21:23.947-03:00  INFO 27644 --- [arremateai-gateway] [           main] o.s.b.web.embedded.netty.NettyWebServer  : Netty started on port 8080
2026-03-17T10:21:24.134-03:00  INFO 27644 --- [arremateai-gateway] [           main] c.arremateai.gateway.GatewayApplication  : Started GatewayApplication in 3.325 seconds (process running for 3.694)
2026-03-17T10:27:30.775-03:00 DEBUG 27644 --- [arremateai-gateway] [ctor-http-nio-9] c.a.gateway.filter.JwtValidacaoFilter    : Request autenticado: path=/api/media/imagens, userId=aaaaaaaa-bbbb-cccc-dddd-eeeeeeeeeeee, role=ROLE_VENDEDOR
2026-03-17T10:27:51.823-03:00 DEBUG 27644 --- [arremateai-gateway] [tor-http-nio-11] c.a.gateway.filter.JwtValidacaoFilter    : Request autenticado: path=/api/media/imagens, userId=aaa-bbb, role=ROLE_VENDEDOR
